<?xml version="1.0" encoding="UTF-8" ?>
<testsuite tests="17" failures="0" name="com.srv.HorseServiceTest" time="0.108" errors="0" skipped="0">
  <properties>
    <property name="java.runtime.name" value="Java(TM) SE Runtime Environment"/>
    <property name="sun.boot.library.path" value="/usr/lib/jvm/jdk1.8.0_171/jre/lib/amd64"/>
    <property name="java.vm.version" value="25.171-b11"/>
    <property name="java.vm.vendor" value="Oracle Corporation"/>
    <property name="maven.multiModuleProjectDirectory" value="/home/pdomingo/multi-module/Maven"/>
    <property name="java.vendor.url" value="http://java.oracle.com/"/>
    <property name="path.separator" value=":"/>
    <property name="guice.disable.misplaced.annotation.check" value="true"/>
    <property name="java.vm.name" value="Java HotSpot(TM) 64-Bit Server VM"/>
    <property name="file.encoding.pkg" value="sun.io"/>
    <property name="user.country" value="PH"/>
    <property name="sun.java.launcher" value="SUN_STANDARD"/>
    <property name="sun.os.patch.level" value="unknown"/>
    <property name="java.vm.specification.name" value="Java Virtual Machine Specification"/>
    <property name="user.dir" value="/home/pdomingo/multi-module/Maven"/>
    <property name="java.runtime.version" value="1.8.0_171-b11"/>
    <property name="java.awt.graphicsenv" value="sun.awt.X11GraphicsEnvironment"/>
    <property name="java.endorsed.dirs" value="/usr/lib/jvm/jdk1.8.0_171/jre/lib/endorsed"/>
    <property name="os.arch" value="amd64"/>
    <property name="java.io.tmpdir" value="/tmp"/>
    <property name="line.separator" value="
"/>
    <property name="java.vm.specification.vendor" value="Oracle Corporation"/>
    <property name="os.name" value="Linux"/>
    <property name="classworlds.conf" value="/opt/apache-maven-3.5.4/bin/m2.conf"/>
    <property name="sun.jnu.encoding" value="UTF-8"/>
    <property name="java.library.path" value="/usr/java/packages/lib/amd64:/usr/lib64:/lib64:/lib:/usr/lib"/>
    <property name="maven.conf" value="/opt/apache-maven-3.5.4/conf"/>
    <property name="java.specification.name" value="Java Platform API Specification"/>
    <property name="java.class.version" value="52.0"/>
    <property name="sun.management.compiler" value="HotSpot 64-Bit Tiered Compilers"/>
    <property name="os.version" value="4.4.0-130-generic"/>
    <property name="library.jansi.path" value="/opt/apache-maven-3.5.4/lib/jansi-native"/>
    <property name="user.home" value="/home/pdomingo"/>
    <property name="user.timezone" value="Asia/Manila"/>
    <property name="java.awt.printerjob" value="sun.print.PSPrinterJob"/>
    <property name="java.specification.version" value="1.8"/>
    <property name="file.encoding" value="UTF-8"/>
    <property name="user.name" value="pdomingo"/>
    <property name="java.class.path" value="/opt/apache-maven-3.5.4/boot/plexus-classworlds-2.5.2.jar"/>
    <property name="java.vm.specification.version" value="1.8"/>
    <property name="sun.arch.data.model" value="64"/>
    <property name="java.home" value="/usr/lib/jvm/jdk1.8.0_171/jre"/>
    <property name="sun.java.command" value="org.codehaus.plexus.classworlds.launcher.Launcher install"/>
    <property name="java.specification.vendor" value="Oracle Corporation"/>
    <property name="user.language" value="en"/>
    <property name="awt.toolkit" value="sun.awt.X11.XToolkit"/>
    <property name="java.vm.info" value="mixed mode"/>
    <property name="java.version" value="1.8.0_171"/>
    <property name="java.ext.dirs" value="/usr/lib/jvm/jdk1.8.0_171/jre/lib/ext:/usr/java/packages/lib/ext"/>
    <property name="securerandom.source" value="file:/dev/./urandom"/>
    <property name="sun.boot.class.path" value="/usr/lib/jvm/jdk1.8.0_171/jre/lib/resources.jar:/usr/lib/jvm/jdk1.8.0_171/jre/lib/rt.jar:/usr/lib/jvm/jdk1.8.0_171/jre/lib/sunrsasign.jar:/usr/lib/jvm/jdk1.8.0_171/jre/lib/jsse.jar:/usr/lib/jvm/jdk1.8.0_171/jre/lib/jce.jar:/usr/lib/jvm/jdk1.8.0_171/jre/lib/charsets.jar:/usr/lib/jvm/jdk1.8.0_171/jre/lib/jfr.jar:/usr/lib/jvm/jdk1.8.0_171/jre/classes"/>
    <property name="java.vendor" value="Oracle Corporation"/>
    <property name="maven.home" value="/opt/apache-maven-3.5.4"/>
    <property name="file.separator" value="/"/>
    <property name="java.vendor.url.bug" value="http://bugreport.sun.com/bugreport/"/>
    <property name="sun.cpu.endian" value="little"/>
    <property name="sun.io.unicode.encoding" value="UnicodeLittle"/>
    <property name="sun.desktop" value="gnome"/>
    <property name="sun.cpu.isalist" value=""/>
  </properties>
  <testcase classname="com.srv.HorseServiceTest" name="test_NameShouldBeDefault_IfUnhealthyAndNull" time="0.003"/>
  <testcase classname="com.srv.HorseServiceTest" name="testHorseRun_IfDistanceBelowTen_ShouldLimitSpeed" time="0"/>
  <testcase classname="com.srv.HorseServiceTest" name="test_NameShouldBeUppercase_IfHealthyAndNull" time="0.001"/>
  <testcase classname="com.srv.HorseServiceTest" name="test_RunDistance_IfFinish_BreakDownShouldNotBeEmpty" time="0.001"/>
  <testcase classname="com.srv.HorseServiceTest" name="test_EndRun_IfFinish_DistanceShouldNotBe_0" time="0.004"/>
  <testcase classname="com.srv.HorseServiceTest" name="test_HorseRun_IfDistanceGreaterThanTen_ShouldNotLimitSpeed" time="0"/>
  <testcase classname="com.srv.HorseServiceTest" name="test_EndRun_IfBarn_ShouldSetDistanceTravelledTo_0" time="0"/>
  <testcase classname="com.srv.HorseServiceTest" name="test_RunMessage_IfDestinationBarn" time="0"/>
  <testcase classname="com.srv.HorseServiceTest" name="test_NameShouldBeUppercase_IfHealthy" time="0"/>
  <testcase classname="com.srv.HorseServiceTest" name="test_WarCry_IfNotNull" time="0.006"/>
  <testcase classname="com.srv.HorseServiceTest" name="testRunToGoalIfFinish_DistanceTravelledShouldBe_20" time="0.015"/>
  <testcase classname="com.srv.HorseServiceTest" name="test_RunToGoal_IfFinish_ShouldContainBreakDown" time="0.003"/>
  <testcase classname="com.srv.HorseServiceTest" name="test_Name_IfUnhealthy" time="0"/>
  <testcase classname="com.srv.HorseServiceTest" name="test_WarCry_IfNull" time="0.001"/>
  <testcase classname="com.srv.HorseServiceTest" name="test_printBreakDown" time="0.072"/>
  <testcase classname="com.srv.HorseServiceTest" name="test_RunDistance_IfBarn_BreakDownShouldBeEmpty" time="0.002"/>
  <testcase classname="com.srv.HorseServiceTest" name="test_RunMessage_IfDestinationFinish" time="0"/>
</testsuite>